<?xml version="1.0" encoding="UTF-8"?>
<testng-results skipped="0" failed="0" total="1" passed="1">
  <reporter-output>
  </reporter-output>
  <suite name="Default suite" duration-ms="57532" started-at="2018-01-27T16:54:19Z" finished-at="2018-01-27T16:55:17Z">
    <groups>
    </groups>
    <test name="Default test" duration-ms="57532" started-at="2018-01-27T16:54:19Z" finished-at="2018-01-27T16:55:17Z">
      <class name="com.callidussoftware.com.NewCommuicator.dispute.SubmitDispute">
        <test-method status="PASS" signature="launchbrowser()[pri:0, instance:com.callidussoftware.com.NewCommuicator.dispute.SubmitDispute@1ef45e3]" name="launchbrowser" is-config="true" duration-ms="27023" started-at="2018-01-27T22:24:19Z" finished-at="2018-01-27T22:24:46Z">
          <reporter-output>
          </reporter-output>
        </test-method> <!-- launchbrowser -->
        <test-method status="PASS" signature="payeedispute()[pri:0, instance:com.callidussoftware.com.NewCommuicator.dispute.SubmitDispute@1ef45e3]" name="payeedispute" duration-ms="28343" started-at="2018-01-27T22:24:46Z" finished-at="2018-01-27T22:25:15Z">
          <reporter-output>
          </reporter-output>
        </test-method> <!-- payeedispute -->
        <test-method status="PASS" signature="TearDown()[pri:0, instance:com.callidussoftware.com.NewCommuicator.dispute.SubmitDispute@1ef45e3]" name="TearDown" is-config="true" duration-ms="2132" started-at="2018-01-27T22:25:15Z" finished-at="2018-01-27T22:25:17Z">
          <reporter-output>
          </reporter-output>
        </test-method> <!-- TearDown -->
      </class> <!-- com.callidussoftware.com.NewCommuicator.dispute.SubmitDispute -->
    </test> <!-- Default test -->
  </suite> <!-- Default suite -->
</testng-results>
