<?xml version="1.0" encoding="UTF-8"?>
<testng-results skipped="0" failed="0" total="1" passed="1">
  <reporter-output>
  </reporter-output>
  <suite name="Default suite" duration-ms="102412" started-at="2018-04-17T10:43:26Z" finished-at="2018-04-17T10:45:08Z">
    <groups>
    </groups>
    <test name="Default test" duration-ms="102412" started-at="2018-04-17T10:43:26Z" finished-at="2018-04-17T10:45:08Z">
      <class name="Documents.CreatePlanDocument">
        <test-method status="PASS" signature="setUp()[pri:0, instance:Documents.CreatePlanDocument@6fa38a]" name="setUp" is-config="true" duration-ms="20030" started-at="2018-04-17T16:13:26Z" finished-at="2018-04-17T16:13:46Z">
          <reporter-output>
          </reporter-output>
        </test-method> <!-- setUp -->
        <test-method status="PASS" signature="PlanDocumentCreation()[pri:0, instance:Documents.CreatePlanDocument@6fa38a]" name="PlanDocumentCreation" duration-ms="82363" started-at="2018-04-17T16:13:46Z" finished-at="2018-04-17T16:15:08Z">
          <reporter-output>
          </reporter-output>
        </test-method> <!-- PlanDocumentCreation -->
        <test-method status="PASS" signature="teardown()[pri:0, instance:Documents.CreatePlanDocument@6fa38a]" name="teardown" is-config="true" duration-ms="1" started-at="2018-04-17T16:15:08Z" finished-at="2018-04-17T16:15:08Z">
          <reporter-output>
          </reporter-output>
        </test-method> <!-- teardown -->
      </class> <!-- Documents.CreatePlanDocument -->
    </test> <!-- Default test -->
  </suite> <!-- Default suite -->
</testng-results>
